500
0 6258 4340 4326 1423
1 6258 4340 4326 1423
2 6258 4340 4326 1423
3 2240 9265 6547 3079 9688 5097 3005
4 2240 6257 9265 2962 9688 5097
5 6257 3074 6054 3079 5097
6 2240 2962 1323 3005
7 3297 9688
8 3297 9688
9 7713 6547 935 1423
10 6257 7713 3074 935 9688 5097
11 7713 246 3079 3005
12 790 246 8140
13 935 1323 3005
14 3297 6101 935 4558
15 3297 6547 1668 4558
16 9265 1668 790 4985 5547 7949
17 949 790 3079 7949
18 790 246 8140
19 3745 450 2962 6054 1323
20 450 2962 246 3895 1496
21 6101 815 79
22 7413 815 79
23 450 246 3895 1496 79
24 6101 815 79
25 321 7413 815
26 3745 1668 3012 949 4985 5547
27 3745 3012 949 5547 3885
28 1905 7474 450 9199
29 3745 979 1956 1336
30 1905 1956 1496 8140
31 1905 7474 450 3012 6054
32 3012 7413 8040 1336 4985
33 979 8040 1336 2555 3885
34 7474 8722 979 949 871 2555
35 7474 2486 3543 8040 3885
36 7699 1956 2486 871 2555 3885
37 321 9139 2340 2486 871 1496
38 1905 8994 8841 8140
39 6920 7115 7949
40 321 7474 871 6351
41 9139 1956 7115
42 1796 4356 7949
43 7762 1796 4356
44 7762 6920 7115
45 979 1796 6054 6920 8841 2555 4558
46 8994 7699 6170 7115
47 2 1796 2263 4558
48 8722 7699 4356 6859
49 7459 8387 6859
50 7459 8387 6859
51 7459 4060 1181 9199
52 7459 9139 3557
53 8387 8841 6859 6351
54 7285 7434 1181 6351 9199
55 7762 3557 523 6351
56 9968 8722 2 6519
57 321 3557 7434 5359
58 6226 5715 1181 6351 9199
59 232 7736 745 6170 1181
60 8387 6519 7736
61 321 3557 7434 5359
62 9968 6226 1208 1625
63 6226 2340 3557 7736 6170
64 1208 2856 5880 1625
65 7399 7736 5948
66 5715 6519 1625 745
67 7399 7736 7434 6170
68 6226 8387 7285 7399
69 9968 7399 5948 412
70 5880 4060 3743
71 5880 4060 3743
72 745 3743 5359
73 6020 6613 1383 3375 9007
74 7762 4486 2856
75 1534 3743 5359
76 2 4486 2856 9007
77 6020 7285 3375
78 5715 6020 1625 412 3375
79 232 4027 4541 8125
80 232 4027 4541 8125
81 8387 1383 5704 4541
82 9301 4134 5679
83 2288 232 4027 4541 9007
84 9301 4134 5679
85 9013 523 7438 5679
86 4134 5307 8125 5679
87 4880 6020 3543 5948
88 250 5679 9007
89 4880 6613 412 3453
90 7012 3453 1534 6639
91 7012 4314 3453 6639
92 4880 5155 8043
93 3936 9666 1383 6639
94 5155 10 5307
95 2288 5155 6613 3543 10
96 3936 5825 2263
97 2856 10 3146
98 5155 10 7709 3982
99 5825 7153 2263
100 3936 10 6698 4362
101 5825 7012 523 1534
102 5825 7153 2263
103 7153 1032 712
104 7652 1032 712
105 3153 6698 9244 6014
106 3843 5704 3146 7438
107 3153 6413 7709
108 1032 712 9533
109 3153 3543 6413
110 7296 3153 5155
111 3843 9013 5704 6014 1534
112 3843 5704 3146 7438
113 3843 7652 4362 1020 7709
114 3843 7880 4362 1020
115 1042 5704 2764
116 2741 2764 847
117 2741 2764 6014
118 4929 5412 1383 712
119 4929 7652 3111 712
120 4929 2818 4314
121 5251 3766
122 5251 3766
123 2741 9301 6938 141
124 5412 3766 7880 8618
125 5251 3766
126 9666 4314 141 847
127 2818 7880 4766
128 3637 6698 847
129 9666 4362 141
130 7296 3637 6413
131 2818 412 4766
132 8600 7880 4766
133 1042 3637 2986 1195
134 7874 5795 4314 1195
135 5795 9013 1195 847
136 5795 6269 9533 1871
137 7296 273 3111
138 273 3111 7438
139 273 5862
140 352 3362 2741 250 6938
141 8885 1195 8043
142 2643 8885 133 1871
143 9442 2643 250
144 2643 8885 133 1871
145 9442 6492
146 9442 250 7883
147 9442 6492
148 8885 133 7883 1871
149 2327 8683 6269
150 2327 8683 6269
151 9442 6492
152 1299 7956 8683
153 7874 133 3894 8683
154 352 7233 3362 5412 8618
155 352 7233 3362 8618 2986
156 7233 7874 7883 1935
157 7233 3894 5788 1935 8431
158 6295 5962 6269 9615
159 7956 6295 9615
160 496 7234 6295 3982
161 7234 5509 8043 1935
162 5509 4086 2327
163 7956 6295 8043 427
164 5509 4901 4086
165 8579 2643 2863
166 8579 3982 2863
167 3894 4071 2203 1439
168 2203 427 5788 1439 9615
169 9842 5509 8600 2203
170 8579 4086 7055
171 8579 9244 2863
172 5445 2203 427 5788 1439
173 22 6134 1273 5962
174 22 6134 1273 5962
175 3584 22 1273
176 3 8111
177 3 8111
178 3 8111
179 3 8111
180 1299 4077 9583
181 9842 3 5389
182 1299 4077 9583
183 7956 5788 9583 8431
184 4705 4901 5862 5389
185 1984 4705 5862 5389
186 7234 7956 7082 7055
187 4705 4901 2422 5389
188 4705 4199 7082
189 183 4199 7006
190 1299 5862 7513 7082
191 183 2986 7006
192 3376 7006
193 3877 183 7006
194 3376 7006
195 496 8183 2335
196 496 8644 5788 2335
197 4071 4199 8600 2335
198 8183 8600 2335 8431
199 374 6332 2335
200 5401 7980
201 5401 7980
202 3077 7513 4429
203 5401 7980
204 3877 2422 8183 7980
205 6332 4429 3950
206 3077 4429 4077
207 4728 5961 8780
208 3077 7513 4429
209 5445 5961 8780
210 9443 7513 6538 8780
211 3376 5109 3950
212 5109 8711 3950
213 5109 8711 3950
214 8711 8824
215 8711 8824
216 4035 5109 652
217 8824 5677
218 3877 6598
219 6598
220 6598
221 6961 6538 1581
222 5961 6538 1581
223 8644 7484
224 8644 7484
225 5961 2155 1581
226 7484 447
227 8711 5481
228 5481 5677
229 7484 447
230 5481 2155
231 5481 5677
232 9842 5481 2155
233 9056 9086
234 9056 9086
235 9056 9086
236 9056 9244 7806
237 9115 2155 6332
238 7606 9115
239 7606 9115
240 7606 9115
241 8967 3950
242 4928 1984 8967
243 374 6991
244 4928 1984 8967
245 374 6991
246 374 6991
247 8793 9114
248 7 6991
249 8793 9114
250 4035 8793 5038
251 6327 8793 5038
252 1414 9398 2422 1774
253 9015 652
254 1414 9398 2422 1774
255 1414 7606 3144 5038
256 9015 652
257 1414 9398 2264
258 4928 3521 9015
259 4071 1019 8491
260 9443 3144 1019
261 9443 1019 447
262 3521 9443 1019
263 4977 1081 447
264 4977 4901 1081
265 4977 1081 5869
266 3584 276 1081
267 8498 276 247
268 9842 247 6281 5869 639
269 8498 276 247
270 6139 5038 1774 639
271 8498 4071 6139 639
272 5687 4728
273 3521 247 6281 639
274 5687 4728
275 3077 5687
276 5687 9160
277 5525 3144 5247
278 5525 7210 6139
279 8881 4407 5869
280 8498 4407 6139
281 8881 3521 5525 6281
282 8881 4407 5869
283 3494
284 3494
285 6865 1353
286 3494
287 6961 6130 9129 7806
288 6961 8605 7806
289 6865 1353
290 8854 8605
291 6865 1353
292 6961 6130 2349
293 6130 3106 8605
294 6130 8854 9129
295 4416 2264 6492
296 4416 4928 2790
297 6144 8854
298 4416 2790 7210
299 1425 3106 5247
300 4416 2790 7210
301 6144 1425 1134
302 8881 4178 6153
303 5552 6469 8812
304 4178 8498 9842 6469
305 4178 3241 1289
306 5552 3241 9129
307 5552 8069 3053
308 6144 1425 1134
309 9159 2666 5211
310 3584 9159 5211
311 6675 6302
312 9159 5211 2892
313 8183 2349 6302
314 9159 5211 2892
315 9464 8878
316 6675 6302
317 9464 8878
318 3561 6302
319 9464 8878
320 5445 6327 952 8878
321 952 1353 8878
322 3188 813 1134
323 3188 9224 813
324 6042 7899 8491
325 3188 9224 813
326 3188 2183 8491
327 4277 5211 2892
328 4277 5247
329 4277 7321 2666
330 6042 7899 1774
331 6042 7899 8491
332 7321 569 4444
333 3586 4277 7321
334 6343 7240 4444
335 345 3053
336 7321 569 4444
337 9440 8134 3053
338 8566 345 569
339 977 345 2666
340 259 8566 345
341 9440 8069 2183
342 9440 977 9160
343 5762 6469 4572
344 1665 9224 4572
345 3241 4574
346 1665 3586 4574
347 1665 6778 4572
348 1665 3586 4574
349 1665 4574 8671
350 977 6153 4572
351 4574 8831
352 374 2926
353 7 2926
354 7240 1289 2926
355 3106 2559
356 7240 6153 2559
357 7 9129 2559
358 6918 7240 6621
359 6918 952 1289
360 6918 952 2264
361 8134 2183 647 4238
362 8069 2183 4238
363 552 3561 4238
364 6918 3830 6621
365 4737 647 4855
366 6675 552 4238
367 4737 1670
368 4737 1670
369 4737 647 4855
370 6952 3561 5053
371 3830 7036 4333 5053
372 3830 7036 4333 5053
373 6952 3561 5053
374 3106 7036 4333
375 5762 5386 7036 4333
376 7939 6675 9160
377 4531 6676 6952
378 7939 2150
379 7939 2150
380 2644 5748
381 2644 5748
382 2644 5748
383 2644 2121
384 8212 8037
385 2644 2121
386 4531 8037
387 8212 8037
388 7321 2121 5069
389 4531 8037
390 6343 5069
391 6343 5069
392 4100 8134 5386
393 6584 5069 7183
394 4100 4020 5386
395 4100 3113
396 210 6778 7183
397 4100 9023
398 4100 9023
399 210 1670 1495
400 210 6343 6584
401 8212 2677 2349
402 2677 6621
403 210 6778 7183
404 2677 2790 552
405 2677 2790 2349
406 3050 3582 7183
407 4020 3582 5166
408 6739 9887
409 6739 9887
410 6105 7899
411 6739 9887
412 3781 6105
413 1962 9887
414 6482 2349 5182
415 9936 259 1495 3050
416 3781 6105
417 8193 3050 5182
418 9936 259 1495 3050
419 9936 8193 9982
420 9936 2904 9982
421 8812 9710
422 1429 9710
423 1429 9710
424 2744 4828 5437
425 1429 9710
426 1763 8423 2744 9545
427 2744 569 4828
428 7977 4828
429 7977 4828
430 8193 8423 7977
431 2744 4828 5437
432 2532 3113
433 2532 3113
434 8423 7977 8284
435 1763 5564
436 1763 6840 221
437 1763 5564
438 1763 6840 221
439 4133 9545 221
440 6458 5564
441 6840 6458 221
442 707 4133
443 8145 6840 6584
444 8145 9021
445 8145 9021
446 8145 9021
447 5442 3830 9023
448 4133 2058
449 8145 9021
450 5442 3113 9545
451 2569 9021
452 6608 5442
453 6608 5442
454 5185 5166
455 5185 5166
456 5185 5166
457 4840 8332
458 4840 8332
459 5857 1220
460 5857 1220
461 4840 2569
462 8570 3262
463 8570 3262
464 6676 7881 9453
465 8570 3262
466 707 4840 3758
467 6676 7881 6778
468 6676 7881 8671
469 4080 8005 9898
470 4080 8005 9898
471 4080 8005 9898
472 2150 8812 4223
473 5492 7732 4223
474 3284 3781
475 3284 8539
476 4341 3465 3262
477 3284 3781
478 4341 3465 3262
479 1776 8671
480 1776 9453
481 1776 8671
482 1776 3316
483 8307 3722
484 8307 3722
485 7732 6103
486 1105 2569 3722
487 1105 2569 3722
488 4788 4855 1963 4107
489 7732 6103
490 8293 6103
491 1105 4788 9982
492 4788 6534 9982
493 4788 1963 4107 5340
494 6534 6777
495 6534 6777
496 6534 6777
497 6482 6541
498 6482 6541
499 8734