68
0 8560
1 9297
2 3065
3 4366
4 4581
5 5955
6 6907
7 8384
8 9851
9 8870
10 6813
11 346
12 5827
13 5099
14 6289
15 6576
16 1864
17 976
18 9096
19 1170
20 6906
21 751
22 1770
23 4738
24 8162
25 1279
26 6016
27 4781
28 8731
29 4026
30 4718
31 4683
32 6348
33 7567
34 5904
35 2277
36 4515
37 6144
38 4370
39 9692
40 6950
41 9786
42 9858
43 9705
44 6109
45 87
46 4112
47 8837
48 4642
49 5892
50 1912
51 1810
52 5204
53 2991
54 3528
55 4262
56 1105
57 8342
58 5911
59 8074
60 2186
61 2697
62 8412
63 7694
64 9767
65 1294
66 8935
67 7696