100
0 0 1 2 3 131 4 5 6 7 8 9 138 10 11 12 13 14 15 16 17 18 19 20 21 22 23 24 26 410 27 155 28 2076 30 35 164 37 38 166 41 554 3244 45 9517 176 55 184 56 57 61 62 63 193 708 197 709 329 74 82 102 1384 107 236 1263 120 121
1 0 1 2 3 4 5 6 7 8 9 138 1290 10 11 12 13 14 15 16 17 145 18 19 20 404 21 22 23 24 26 27 28 797 30 158 35 164 1572 37 38 166 41 44 3244 45 176 56 57 58 62 63 65 193 69 583 199 968 72 74 1495 1502 356 869 485 102 1384 120 121 252 253 126
2 0 1 2 3 131 4 5 6 7 3975 8 9 138 10 11 139 12 13 14 15 16 17 18 19 20 148 21 22 23 24 26 27 155 28 797 30 2848 35 37 38 166 41 554 3244 3756 44 45 176 184 57 58 62 63 65 193 197 583 72 1737 74 78 1495 2264 1502 867 355 356 869 485 102 1384 107 236 621 9584 114 120 121 252 126
3 0 6656 1 2 3 131 4 5 6 7 1671 8 9 138 10 1290 11 139 12 13 14 15 16 17 18 19 20 21 22 23 24 3097 26 27 155 28 30 2848 37 38 1958 41 554 44 3244 45 176 1334 55 57 58 61 62 63 65 69 197 583 199 72 74 78 725 2264 1502 224 355 356 229 102 120 121 252 253 126
4 0 1 2 2818 3 131 4 5 6 7 3975 8 9 10 11 139 12 13 14 15 7055 1679 16 17 18 19 20 404 21 22 23 24 26 27 155 28 1310 30 158 35 37 38 41 44 3244 45 57 58 62 65 69 72 1482 78 859 1502 97 482 229 102 107 114 371 120 252 126
5 0 1 2 3 131 4 5 6 7 8 9 138 10 11 139 12 13 14 15 16 17 18 19 20 148 21 1173 22 23 24 26 27 155 28 1310 30 35 37 38 166 3110 41 44 45 303 1334 184 57 58 62 63 65 193 708 69 197 199 72 7624 74 78 468 1495 859 869 102 107 236 621 1263 114 120 121 252 126
6 0 1 2 3 131 4 5 6 7 8 9 138 10 1290 11 139 12 13 14 15 16 17 18 19 20 404 148 21 22 23 24 26 410 27 28 30 35 164 37 38 166 3110 41 554 44 3244 45 176 1334 184 57 58 62 63 65 193 69 197 72 74 78 468 859 1502 482 867 356 869 2153 107 114 120 121 253 126
7 131 135 138 1290 139 145 1173 5526 152 280 25 410 1434 155 29 1310 30 158 31 32 33 3106 34 290 35 1315 36 37 549 166 3110 40 41 554 42 44 3244 9517 303 176 52 948 309 54 55 184 56 57 58 442 316 60 61 62 63 65 69 197 709 70 583 199 968 72 7624 329 73 74 4171 78 977 468 84 725 88 224 96 482 2402 355 356 229 103 236 621 110 114 243 117 120 121 249 252 253 126
8 135 138 268 152 280 25 29 157 158 31 32 33 161 34 290 36 549 40 42 299 3244 48 50 51 52 309 54 55 56 60 61 3774 1089 709 70 73 82 83 84 86 88 1502 96 97 1122 110 112 371 117 249 3198
9 0 1 2 3 131 4 900 5 6 7 8 9 138 10 11 139 12 13 14 15 16 17 18 19 20 148 21 22 23 24 26 27 155 28 30 6304 35 164 37 38 166 41 554 44 45 176 184 57 58 62 63 65 193 69 197 199 968 72 6729 74 78 468 355 869 107 236 114 120 121 252 253 126
10 0 1 2 3 131 4 5 5381 6 7 8 9 138 10 11 139 12 13 14 15 16 17 145 18 19 20 21 3477 22 23 24 152 26 27 28 30 158 2848 35 37 5926 38 166 176 1077 55 57 58 61 62 63 65 193 708 69 197 583 199 72 1737 78 82 468 859 224 482 355 356 229 102 107 236 621 114 120 126
11 0 1 2 3 131 4 5 6 7 8 9 3849 10 11 139 12 2060 13 14 15 16 17 145 18 19 20 148 21 22 23 24 26 27 155 28 30 2591 1954 164 1572 37 38 41 44 3244 45 303 1334 184 56 57 61 62 63 65 708 199 72 74 78 725 859 224 482 355 356 3684 485 229 236 621 114 120 252 126
12 0 1 2 3 131 4 5 5381 6 7 8 9 138 10 11 139 12 13 14 15 16 17 18 19 20 21 22 23 24 26 27 155 28 5276 1310 30 35 164 38 41 554 44 45 303 176 1077 1334 55 184 58 61 62 63 65 708 69 583 199 72 74 78 1502 355 229 2153 1263 114 120 121 252 253 126
13 0 1 2 3 131 4 5 389 6 7 8 9 10 138 11 12 13 14 15 16 17 18 19 20 21 22 23 24 26 27 28 30 158 35 164 37 38 166 41 44 3244 45 176 55 57 62 63 69 199 72 1482 74 7242 78 82 2264 5482 107 236 114 120 252
14 0 1 2 3 4 5 6 7 8 9 138 10 11 2955 12 13 14 15 16 17 18 19 20 404 148 21 22 23 24 26 27 28 30 35 37 38 166 41 44 3244 45 1077 55 58 61 62 65 708 69 72 74 82 224 355 102 1384 2153 107 621 114 121 252 253
15 0 1 2 2818 3 131 4 5 6 7 8 9 138 1290 10 11 139 12 13 14 15 16 17 18 19 20 404 21 22 23 24 26 27 155 28 30 35 37 38 166 41 44 3244 45 184 57 58 62 3774 63 65 193 708 69 197 199 968 72 74 78 468 1495 355 356 869 102 5482 107 236 1263 114 120 121 252 126
16 64 2112 66 132 68 196 198 71 137 650 1610 331 332 76 524 77 142 79 207 914 659 595 85 149 87 89 90 156 1502 98 484 231 681 3244 1583 51 115 118 119 4023 183 123 59 443 1917 382
17 135 1290 2955 145 29 285 31 33 161 6049 34 36 549 40 42 426 299 3244 46 686 47 48 50 51 52 948 1077 53 54 55 60 70 329 73 83 211 3923 84 86 88 731 1502 96 97 103 110 494 751 112 243 117 249
18 2371 389 70 4102 135 79 82 83 84 86 280 25 731 29 157 31 32 96 33 97 161 737 34 290 36 103 40 42 110 46 686 48 50 243 51 52 53 54 56 187 60 253
19 0 1 2 3 131 4 900 5 6 7 1671 8 9 138 10 1290 11 139 12 13 14 15 16 17 18 19 20 404 21 22 23 24 152 25 3097 26 27 28 30 2848 35 37 38 44 3244 303 55 184 57 58 61 62 63 193 708 69 74 78 2264 1502 482 102 236 120 252 253 126
20 0 1 2 3 131 4 5 6 7 8 9 138 1290 10 11 12 13 14 15 16 17 18 19 20 148 21 22 5526 23 24 26 27 155 28 797 30 2591 1184 35 164 37 38 166 41 44 3244 45 176 57 58 61 62 63 65 193 69 583 199 72 74 859 1502 356 102 107 236 114 120 121 252 126 3198
21 0 1 2 3 131 4 5 6 7 8 9 138 10 11 139 12 13 14 15 16 17 18 19 20 148 21 22 23 4247 24 26 27 155 28 797 30 1954 35 164 37 38 41 44 45 303 176 184 56 57 58 69 583 199 72 74 78 482 867 355 356 102 1384 236 114 120 121 252 253 126
22 0 1 2 2818 3 4 5 6 7 8 9 138 10 11 139 12 13 14 15 16 17 18 19 20 404 148 21 22 23 24 26 27 155 28 30 35 164 37 38 41 44 3244 45 303 184 57 58 61 63 193 69 72 329 74 4171 78 82 468 859 1502 355 102 107 236 114 253
23 0 1 2 3 131 4 5 6 7 8 9 138 10 1290 11 139 12 13 14 15 16 17 18 19 20 21 22 23 24 26 27 28 30 2848 35 37 38 41 554 44 3244 45 176 948 55 57 58 61 62 63 193 69 74 82 468 1502 482 102 107 236 120 121 253
24 8450 145 152 280 25 29 31 32 1184 33 161 34 290 164 36 1572 549 679 40 42 6698 299 46 48 50 51 52 948 54 55 56 316 60 61 2371 70 329 977 82 83 211 84 88 96 97 229 103 873 110 112 243 117
25 0 1 2 3 131 4 5 6 7 8 9 138 10 1290 11 139 12 13 14 15 16 17 18 19 20 148 21 22 23 24 25 3097 26 1434 27 155 28 30 1184 2848 35 37 38 41 44 3244 45 309 57 316 62 63 65 193 69 583 199 72 78 468 1495 1502 485 102 120
26 132 140 655 146 914 147 280 25 1434 3483 285 671 32 33 161 36 549 1958 39 679 681 426 43 3244 301 49 178 54 56 187 66 2371 709 198 71 2120 329 330 4171 331 332 206 80 81 84 342 90 92 1502 95 96 737 103 112 624 371 372 119 249 123 125
27 0 1 2 3 131 4 5 6 7 8 9 138 10 1290 11 139 12 2060 13 14 15 16 17 145 18 19 20 21 22 23 24 3097 26 27 28 30 2848 1954 35 164 37 38 166 41 44 3244 45 176 55 184 57 62 63 65 708 69 197 968 72 74 78 1502 224 482 102 1384 107 121 252 126
28 0 1 2 3 131 4 5 6 7 8 9 138 10 1290 11 12 13 14 15 16 17 18 19 20 148 21 22 23 24 26 27 28 5921 35 164 37 38 41 44 3244 45 184 57 58 61 62 63 65 69 197 709 72 74 6604 78 82 1502 482 355 229 102 107 114 120 121 253
29 132 268 140 2700 146 4371 152 25 410 671 32 33 161 34 290 164 36 39 6698 43 1583 48 49 50 53 54 56 442 316 61 709 329 73 330 206 79 80 977 2513 81 84 90 92 95 97 1122 229 5990 1384 751 112 119 249
30 389 70 135 73 268 82 83 84 86 88 280 25 2076 29 157 158 3870 1502 31 32 96 97 161 290 36 679 40 42 3244 110 46 47 112 48 50 51 371 52 372 117 309 53 54 56 187 123 60
31 0 6656 1 2 3 131 4 5 6 7 8 9 138 10 11 139 12 13 14 15 16 17 18 19 20 21 22 23 24 26 27 28 797 30 35 37 38 166 41 44 3244 45 176 184 58 61 62 63 65 193 69 583 199 72 329 74 78 468 482 867 356 869 229 102 621 114 120 252 253 126
32 0 1 2 3 131 4 5 6 7 8 9 10 11 139 12 13 14 15 16 17 145 18 19 20 404 21 22 23 24 152 25 26 410 27 28 32 549 38 41 176 55 56 58 65 69 197 968 72 74 82 102 120 253
33 389 145 280 25 29 285 158 31 32 33 161 34 290 164 36 40 42 299 686 48 50 51 52 309 54 55 56 442 316 60 61 709 70 73 82 83 211 84 88 224 96 97 1122 229 103 110 112 243 371 117 249 3198
34 0 1 2 3 131 4 900 5 6 7 8 9 10 11 139 12 13 14 15 16 17 18 19 20 148 21 1173 22 23 24 3097 26 27 155 28 30 35 164 37 38 166 41 554 44 45 303 176 57 58 62 63 65 193 69 197 968 72 1737 1482 74 78 224 356 102 236 114 120 121 253 126
35 8450 899 1799 138 140 653 142 144 914 277 25 156 157 158 552 1065 1452 3244 301 686 49 566 55 316 64 2371 1604 198 77 206 80 3923 85 87 88 89 91 94 1502 96 1122 1506 2148 101 104 106 108 1395 119 122 123 1917
36 7234 67 132 68 196 1412 5959 137 75 907 267 77 142 849 146 659 85 149 3158 87 89 91 1052 157 542 95 1951 98 162 612 101 168 106 1387 1388 3244 751 1583 432 240 115 501 118 183 1656 122 59
37 389 3849 138 268 152 25 410 29 158 31 32 1184 33 34 36 40 42 6698 46 47 48 50 51 52 1077 54 55 184 56 60 61 1089 70 583 968 73 74 330 977 82 83 84 88 96 97 869 873 243 371 117
38 3457 2371 70 73 268 145 82 83 84 86 25 29 31 32 96 33 97 161 34 290 36 549 40 42 299 110 46 47 112 48 50 51 52 309 54 56 249 442 187 316 60
39 0 1 2 3 4 5 6 7 1671 8 9 138 10 1290 11 12 13 14 15 16 17 145 18 19 20 148 21 22 23 24 152 3097 26 27 28 797 30 158 2848 5921 35 164 37 38 166 3244 45 176 55 184 56 57 58 61 62 63 193 69 968 74 977 468 88 2264 1502 356 102 107 120
40 135 140 146 152 280 29 157 158 31 33 161 34 290 164 36 1958 39 40 681 42 299 3244 686 1583 49 51 52 948 53 442 316 60 70 329 330 79 80 83 211 725 86 342 88 731 224 96 97 737 110 112 243 372 117 119 249 123
41 6656 389 1290 268 1679 145 152 25 2076 29 5661 31 32 33 34 290 36 549 40 42 426 3244 46 4142 47 48 50 51 52 309 54 55 56 442 316 60 61 1089 329 73 82 83 211 84 2780 1502 96 737 1122 229 103 873 110 112 371 117
42 0 1 2 3 131 4 5 6 7 8 9 138 10 11 12 13 14 15 16 17 18 19 20 21 22 23 24 26 27 28 30 1184 35 164 37 38 166 41 44 3244 45 176 55 58 61 62 63 65 69 72 74 78 1495 1502 224 482 356 229 114 121 252 126
43 70 198 71 73 2889 140 81 82 211 3923 915 919 25 665 92 1756 158 31 95 1951 32 33 5985 34 1572 103 39 40 940 3244 46 686 48 50 51 1395 309 53 119 56 249 123 59 60 382
44 6402 132 1671 138 1290 907 267 146 147 25 3097 410 285 671 32 2848 33 34 39 679 681 299 43 3244 301 46 49 178 52 309 4023 187 59 66 71 2120 330 331 332 206 79 80 211 342 88 90 92 1502 95 371 372 117 119 125
45 70 135 73 268 140 79 145 82 83 86 88 25 29 157 158 1502 31 96 33 97 161 34 229 103 39 40 42 299 3244 110 686 47 112 243 51 52 117 309 53 2486 55 119 249 187 123 60 1917
46 0 1 2 3 4 5 6 7 8 9 138 10 11 12 13 14 15 16 17 145 18 19 20 148 21 22 23 24 152 26 27 155 28 30 158 164 37 38 166 41 44 3244 45 55 57 58 61 62 63 65 968 72 329 74 78 2513 1502 224 482 485 873 107 121 253
47 70 135 73 268 82 83 211 84 86 88 280 25 29 157 285 1502 31 224 32 33 97 737 34 290 36 40 42 3244 110 46 47 112 48 50 243 51 52 54 56 249 60
48 0 1 2 3 4 5 6 7 8 9 138 10 11 12 13 14 15 16 17 18 19 20 404 21 22 23 24 26 410 27 155 28 30 35 37 549 38 166 41 44 3244 45 55 57 58 61 62 63 65 74 78 468 1502 224 356 3684 485 229 102 236 114 252
49 65 69 70 1671 73 1482 140 79 977 82 83 211 148 84 6165 86 88 25 155 29 158 224 32 33 161 34 36 229 38 166 679 40 873 42 426 46 47 112 48 50 51 371 117 53 54 119 60 63
50 0 1 2 3 131 4 900 5 6 7 8 9 10 1290 11 12 13 14 15 16 17 145 18 19 20 404 148 21 23 24 152 26 27 155 28 30 35 37 38 41 3244 44 45 55 184 56 57 58 61 63 65 69 199 968 72 329 1482 78 2513 82 859 2780 1502 485 120 121 126
51 0 1 2 2818 3 4 5 6 7 1671 8 9 138 10 1290 11 12 13 14 15 16 17 18 19 20 21 9365 22 23 24 280 3097 26 27 155 28 30 1310 2848 35 37 38 41 44 3244 45 55 56 58 61 63 197 72 329 1737 74 78 977 82 468 725 2264 1502 102 121
52 64 2112 67 68 196 198 1734 137 138 1290 75 907 267 142 207 210 850 595 85 87 89 91 156 1502 98 162 100 104 105 106 3244 109 1070 175 240 115 1395 501 118 1270 1591 122
53 64 66 67 899 1283 68 325 198 71 137 75 76 909 77 653 142 914 85 149 342 662 665 89 348 5150 1502 609 98 162 231 168 681 106 300 3244 175 240 178 115 118 1270 1591 122 59
54 70 135 140 82 83 86 88 280 25 3483 29 157 158 31 32 96 33 34 36 549 103 40 42 3244 110 46 47 48 50 243 51 52 117 309 53 54 55 1656 60
55 0 1 2 3 131 4 900 5 6 7 8 9 138 10 1290 11 139 12 13 14 15 16 17 18 19 20 404 21 22 23 24 26 27 155 28 797 30 35 164 37 38 166 41 554 3244 44 45 303 176 57 58 61 3774 63 65 193 199 72 1737 78 468 1495 1502 867 356 485 229 102 107 1263 114 121 252 253 126
56 2371 389 70 135 1671 73 138 1290 83 211 84 86 88 280 25 3097 2076 29 157 1502 31 32 96 2848 33 97 161 34 1122 36 40 42 426 3244 46 47 112 48 50 51 52 117 54 56 249 60
57 132 137 138 267 909 653 142 655 915 1951 162 168 681 426 300 940 3244 432 49 187 59 443 1597 957 64 66 67 451 68 71 330 75 76 204 77 348 609 1506 98 484 231 106 1387 624 240 2291 115 1395 118 122 125
58 0 1 2 3 131 4 5 6 7 8 9 138 10 11 139 12 13 14 15 16 17 18 19 20 21 22 23 24 2713 26 27 28 30 158 3106 35 37 38 41 44 45 303 184 56 58 442 61 62 63 65 69 968 329 82 355 869 102 107 371 120 121 252 126
59 1412 325 646 327 136 585 204 77 142 144 273 914 210 979 85 149 216 218 91 93 542 94 1502 671 159 99 163 5350 231 104 105 1385 426 172 684 3244 494 111 180 245 183 123
60 70 135 73 330 138 79 1554 83 84 86 280 410 29 31 32 33 97 34 36 103 39 40 42 3244 110 46 47 48 50 243 51 52 53 54 56 60
61 135 650 140 2700 145 146 147 152 25 1434 1052 157 285 158 3102 671 32 33 34 290 164 39 679 299 43 3244 46 47 49 178 53 56 3389 1604 198 331 206 79 80 81 211 342 9305 90 731 92 1756 1502 95 96 229 103 494 119 123 125
62 73 650 75 907 79 914 84 87 919 25 92 29 31 32 33 97 34 1122 36 103 679 4841 42 3244 110 46 47 112 48 50 1395 52 117 309 53 118 119 1591 56 249 442 60
63 0 1 2 3 131 4 5 6 7 135 1671 8 9 138 10 1290 11 12 13 14 15 16 17 145 18 19 20 148 21 22 23 24 3097 26 27 155 28 30 2848 35 164 37 38 41 44 3244 45 176 55 57 58 61 69 583 72 74 82 468 7892 1495 859 1502 356 102 107
64 2177 1283 196 1930 138 204 524 142 144 210 850 595 85 149 277 662 87 89 91 348 156 542 94 1183 98 162 100 101 104 105 106 235 108 109 751 240 4977 178 245 501 183 375 510
65 389 135 268 1679 280 25 410 29 285 31 32 33 161 34 36 40 42 299 3244 46 47 50 51 52 54 56 442 6459 316 60 70 329 73 82 83 211 84 88 2780 1502 96 97 103 110 112 243 371 117 249
66 64 66 198 1734 135 71 138 75 907 267 140 76 80 81 82 147 3477 342 87 88 92 158 1502 97 161 39 681 43 300 3244 301 46 494 112 432 49 178 52 117 119 56 123 59 4347 125 382
67 70 73 1290 268 79 83 211 84 86 25 1434 29 1502 31 32 96 33 97 737 34 36 103 40 42 299 3244 110 46 47 751 48 50 51 52 53 54 442 187 316 60 3389
68 64 66 67 132 70 135 71 330 650 331 75 140 76 204 81 342 87 90 92 95 1888 161 1122 1506 103 39 168 681 426 299 43 1387 301 49 1714 243 115 1395 372 118 56 249 123 59 4347 125
69 2112 128 129 196 133 390 136 715 4301 782 207 335 720 659 85 277 151 216 89 218 346 91 93 99 227 100 552 170 171 172 3244 109 111 113 566 3831 2616
70 66 132 1604 198 71 73 331 75 140 332 79 80 81 146 83 211 147 86 342 665 1881 90 92 1756 157 1502 95 96 39 43 3244 301 110 46 47 751 49 371 2291 372 117 53 442 123 59 125 1917
71 64 66 67 132 68 198 71 331 75 907 267 76 204 77 206 80 81 147 915 87 919 728 1434 90 92 348 1502 39 679 43 3244 815 49 1714 115 118 119 59 443 125
72 6656 64 3457 66 198 71 650 75 267 140 332 76 206 79 80 81 146 86 87 90 92 1502 95 671 737 39 3244 301 46 47 432 49 178 115 1524 53 2614 119 187 123 59 125
73 6337 66 132 68 325 71 137 75 267 140 2700 524 909 77 206 782 80 720 850 147 149 342 662 89 91 5659 92 1756 156 95 609 98 162 2148 39 231 43 6379 175 240 49 178 375 122 443 1597 637
74 64 66 67 68 71 2120 75 267 332 76 204 77 206 80 81 146 147 915 87 90 92 348 95 609 39 43 3244 301 432 49 115 118 1270 59 125 382 1790
75 64 66 67 132 1604 68 198 71 330 75 140 332 76 204 77 79 80 81 146 147 342 90 92 157 8734 1502 95 737 1506 484 5990 39 43 6379 300 3244 494 432 49 1524 59 125 382
76 0 1 2 3 4 900 5 6 7 8 9 3849 10 1290 11 12 2060 13 14 15 16 17 145 18 19 20 148 21 22 23 24 25 26 27 155 28 30 35 1315 164 37 549 38 166 44 3244 45 55 184 57 61 62 63 199 78 1502 867 355 869 107 236 114 121 126
77 129 513 899 68 1734 136 138 1290 715 77 653 142 207 720 144 273 85 151 156 93 94 1502 289 100 612 101 5350 487 104 105 170 235 3244 109 240 4594 180 245 501 183
78 64 66 67 132 68 71 75 76 79 80 81 146 1554 87 665 90 731 92 95 39 43 300 940 3244 624 240 49 178 115 1524 53 118 1270 119 1591 59 443
79 0 1 2 3 131 4 5 6 7 8 9 10 11 139 12 13 14 15 16 17 145 18 19 20 21 22 23 24 152 26 410 27 28 30 35 164 37 41 44 3244 45 55 56 57 58 61 62 199 968 72 329 74 5851 485 102 107 121 126
80 389 70 330 138 268 79 84 86 88 25 29 285 31 32 33 97 161 34 36 103 40 42 426 299 46 47 112 48 50 51 52 53 54 119 187 123 60
81 64 66 67 451 132 198 71 1290 75 267 140 332 76 909 653 206 79 655 80 81 146 147 342 87 90 1502 95 2402 1506 484 3046 39 681 43 1387 300 3244 301 432 49 3441 178 118 119 632 123 59 125
82 64 66 67 68 71 137 330 75 76 77 80 81 147 90 542 1502 95 98 162 39 231 106 43 3244 175 240 49 115 53 59
83 67 68 196 325 137 267 76 142 144 210 659 85 149 87 728 89 1881 91 156 98 162 100 101 168 1065 105 106 3244 175 240 1200 1524 4148 245 501 118 183 632 122 637 382
84 135 73 138 79 655 914 83 84 86 88 280 25 410 5276 29 157 31 32 33 97 6049 34 36 40 42 110 46 47 112 48 6769 50 51 52 117 53 54 249 442 60
85 64 66 67 1667 68 196 325 1799 137 138 1290 75 267 76 204 524 77 142 207 720 85 149 3158 87 89 3097 1502 2848 609 1506 98 162 231 106 1388 3244 175 432 240 7984 115 245 501 183 122 59 957
86 135 73 138 268 145 86 88 25 29 157 158 31 32 96 33 97 161 34 36 549 103 40 42 299 3244 110 46 686 47 112 48 50 51 52 372 117 53 54 187 316 60
87 132 70 138 80 81 84 88 92 29 31 95 96 33 97 34 36 39 42 426 299 43 3244 110 47 1583 624 49 50 51 52 53 54 119 249 442 123 316 60
88 3457 196 198 330 331 140 7117 79 207 80 720 1809 146 210 83 147 2899 85 277 86 89 156 157 100 101 679 231 168 105 46 47 751 175 48 49 50 51 53 501 183 375 957 382
89 64 2177 66 67 68 1734 71 330 75 267 140 76 206 79 80 81 146 87 665 92 348 1502 95 484 39 1065 43 300 3244 240 49 178 115 118 119 59 443 125 382
90 64 66 67 451 132 68 71 137 138 1290 331 75 907 267 332 76 204 77 655 81 1554 87 665 90 92 1052 1502 95 2848 98 162 168 43 300 3244 432 4977 178 2291 115 118 1270 632 59 125
91 128 133 390 1287 585 715 395 335 339 151 216 408 409 218 5659 93 94 160 289 99 227 612 228 104 170 2282 235 108 172 1452 1070 111 5295 880 113 180 310 375 439 255
92 64 66 451 68 71 137 1290 331 75 76 909 77 142 207 144 659 85 87 89 91 156 5661 1502 98 162 231 106 3244 175 178 115 245 183 632 122 59 6459
93 128 129 513 1667 325 585 715 524 207 144 210 595 979 216 91 93 94 159 6369 99 2659 100 101 104 105 3497 170 171 108 172 3244 109 111 245 183 375 510
94 129 451 68 196 325 3398 137 1930 524 4364 77 207 720 144 210 659 85 277 89 91 156 98 162 100 231 168 104 105 106 108 109 175 245 501 183 375 632 122
95 64 66 67 132 68 71 331 75 140 80 81 915 9365 86 87 90 92 1756 95 39 43 6379 301 46 47 49 178 53 119 187 59 1597 125 957
96 64 66 67 68 71 140 77 653 206 80 81 147 86 662 87 92 157 542 484 39 231 168 43 3244 301 175 240 4656 49 178 372 53 118 1270 119 632 123 59 1597 125
97 0 1 2 3 131 4 5 5381 6 7 8 9 138 10 1290 11 12 13 14 15 16 17 18 19 20 148 21 22 23 24 26 27 28 5276 30 35 37 38 41 44 3244 45 55 57 58 61 62 63 65 69 197 72 78 82 1502 102 114 120 126
98 0 1 2 3 4 5 6 7 8 9 10 138 11 139 12 13 14 15 16 17 145 18 19 20 21 22 23 24 3097 26 410 27 28 797 30 35 37 38 166 41 44 45 303 55 57 58 62 63 65 193 69 72 329 82 224 355 2148 229 236 114 120 121 7677
99 389 70 135 73 138 1290 79 82 211 84 86 152 280 25 29 285 1502 31 224 32 96 2848 33 34 36 103 40 42 3244 110 46 47 48 50 51 52 117 54 55 3767 56 249 187 60